<component name="libraryTable">
  <library name="junit-4.12">
    <CLASSES>
      <root url="file://$PROJECT_DIR$/lib/CS61B/junit-4.12.jar" />
    </CLASSES>
    <JAVADOC />
    <SOURCES />
    <jarDirectory url="file://$PROJECT_DIR$/lib/CS61B/junit-4.12.jar" recursive="false" />
  </library>
</component>